Started GET "/" for ::1 at 2024-10-06 09:19:58 -0700
  [1m[35m (0.2ms)[0m  [1m[35mCREATE TABLE "schema_migrations" ("version" varchar NOT NULL PRIMARY KEY)[0m
  [1m[35m (0.1ms)[0m  [1m[35mCREATE TABLE "ar_internal_metadata" ("key" varchar NOT NULL PRIMARY KEY, "value" varchar, "created_at" datetime(6) NOT NULL, "updated_at" datetime(6) NOT NULL)[0m
  [1m[36mActiveRecord::SchemaMigration Load (0.1ms)[0m  [1m[34mSELECT "schema_migrations"."version" FROM "schema_migrations" ORDER BY "schema_migrations"."version" ASC[0m
Processing by Rails::WelcomeController#index as HTML
  Rendering /Users/bensheldon/.rbenv/versions/3.3.0/lib/ruby/gems/3.3.0/gems/railties-7.2.1/lib/rails/templates/rails/welcome/index.html.erb
  Rendered /Users/bensheldon/.rbenv/versions/3.3.0/lib/ruby/gems/3.3.0/gems/railties-7.2.1/lib/rails/templates/rails/welcome/index.html.erb (Duration: 0.3ms | GC: 0.0ms)
Completed 200 OK in 23ms (Views: 3.8ms | ActiveRecord: 0.0ms (0 queries, 0 cached) | GC: 9.3ms)


Started GET "/" for ::1 at 2024-10-06 09:24:07 -0700
  [1m[36mActiveRecord::SchemaMigration Load (0.1ms)[0m  [1m[34mSELECT "schema_migrations"."version" FROM "schema_migrations" ORDER BY "schema_migrations"."version" ASC[0m
Processing by Rails::WelcomeController#index as HTML
  Rendering /Users/bensheldon/.rbenv/versions/3.3.0/lib/ruby/gems/3.3.0/gems/railties-7.2.1/lib/rails/templates/rails/welcome/index.html.erb
  Rendered /Users/bensheldon/.rbenv/versions/3.3.0/lib/ruby/gems/3.3.0/gems/railties-7.2.1/lib/rails/templates/rails/welcome/index.html.erb (Duration: 0.4ms | GC: 0.0ms)
Completed 200 OK in 5ms (Views: 1.6ms | ActiveRecord: 0.0ms (0 queries, 0 cached) | GC: 0.0ms)


Started GET "/" for ::1 at 2024-10-20 15:53:45 -0700
Processing by Rails::WelcomeController#index as HTML
  Rendering /Users/bensheldon/.rbenv/versions/3.3.0/lib/ruby/gems/3.3.0/gems/railties-7.2.1/lib/rails/templates/rails/welcome/index.html.erb
  Rendered /Users/bensheldon/.rbenv/versions/3.3.0/lib/ruby/gems/3.3.0/gems/railties-7.2.1/lib/rails/templates/rails/welcome/index.html.erb (Duration: 0.7ms | GC: 0.0ms)
Completed 200 OK in 44ms (Views: 2.9ms | GC: 0.6ms)


Started GET "/" for ::1 at 2024-10-20 15:54:17 -0700
Processing by Rails::WelcomeController#index as HTML
  Rendering /Users/bensheldon/.rbenv/versions/3.3.0/lib/ruby/gems/3.3.0/gems/railties-7.2.1/lib/rails/templates/rails/welcome/index.html.erb
  Rendered /Users/bensheldon/.rbenv/versions/3.3.0/lib/ruby/gems/3.3.0/gems/railties-7.2.1/lib/rails/templates/rails/welcome/index.html.erb (Duration: 0.4ms | GC: 0.0ms)
Completed 200 OK in 5ms (Views: 2.3ms | GC: 0.3ms)


Started GET "/" for 127.0.0.1 at 2024-10-20 15:59:52 -0700
Processing by Rails::WelcomeController#index as HTML
  Rendering /Users/bensheldon/.rbenv/versions/3.3.0/lib/ruby/gems/3.3.0/gems/railties-7.2.1/lib/rails/templates/rails/welcome/index.html.erb
  Rendered /Users/bensheldon/.rbenv/versions/3.3.0/lib/ruby/gems/3.3.0/gems/railties-7.2.1/lib/rails/templates/rails/welcome/index.html.erb (Duration: 0.4ms | GC: 0.0ms)
Completed 200 OK in 6ms (Views: 2.3ms | GC: 0.3ms)


Started GET "/" for 127.0.0.1 at 2024-10-20 16:04:32 -0700
Processing by PostsController#index as HTML
Completed 500 Internal Server Error in 6ms (GC: 0.0ms)


  
NoMethodError (undefined method `all' for class Post):
  
app/controllers/posts_controller.rb:3:in `index'
Started GET "/" for 127.0.0.1 at 2024-10-20 16:04:47 -0700
Processing by PostsController#index as HTML
Completed 406 Not Acceptable in 37ms (GC: 0.0ms)


  
ActionController::MissingExactTemplate (PostsController#index is missing a template for request formats: text/html):
  
actionpack (7.2.1) lib/action_controller/metal/implicit_render.rb:49:in `default_render'
actionpack (7.2.1) lib/action_controller/metal/basic_implicit_render.rb:9:in `send_action'
actionpack (7.2.1) lib/abstract_controller/base.rb:226:in `process_action'
actionpack (7.2.1) lib/action_controller/metal/rendering.rb:193:in `process_action'
actionpack (7.2.1) lib/abstract_controller/callbacks.rb:261:in `block in process_action'
activesupport (7.2.1) lib/active_support/callbacks.rb:110:in `run_callbacks'
actionpack (7.2.1) lib/abstract_controller/callbacks.rb:260:in `process_action'
actionpack (7.2.1) lib/action_controller/metal/rescue.rb:27:in `process_action'
actionpack (7.2.1) lib/action_controller/metal/instrumentation.rb:77:in `block in process_action'
activesupport (7.2.1) lib/active_support/notifications.rb:210:in `block in instrument'
activesupport (7.2.1) lib/active_support/notifications/instrumenter.rb:58:in `instrument'
activesupport (7.2.1) lib/active_support/notifications.rb:210:in `instrument'
actionpack (7.2.1) lib/action_controller/metal/instrumentation.rb:76:in `process_action'
actionpack (7.2.1) lib/action_controller/metal/params_wrapper.rb:259:in `process_action'
actionpack (7.2.1) lib/abstract_controller/base.rb:163:in `process'
actionview (7.2.1) lib/action_view/rendering.rb:40:in `process'
actionpack (7.2.1) lib/action_controller/metal.rb:252:in `dispatch'
actionpack (7.2.1) lib/action_controller/metal.rb:335:in `dispatch'
actionpack (7.2.1) lib/action_dispatch/routing/route_set.rb:67:in `dispatch'
actionpack (7.2.1) lib/action_dispatch/routing/route_set.rb:50:in `serve'
actionpack (7.2.1) lib/action_dispatch/journey/router.rb:53:in `block in serve'
actionpack (7.2.1) lib/action_dispatch/journey/router.rb:133:in `block in find_routes'
actionpack (7.2.1) lib/action_dispatch/journey/router.rb:126:in `each'
actionpack (7.2.1) lib/action_dispatch/journey/router.rb:126:in `find_routes'
actionpack (7.2.1) lib/action_dispatch/journey/router.rb:34:in `serve'
actionpack (7.2.1) lib/action_dispatch/routing/route_set.rb:896:in `call'
rack (2.2.9) lib/rack/tempfile_reaper.rb:15:in `call'
rack (2.2.9) lib/rack/etag.rb:27:in `call'
rack (2.2.9) lib/rack/conditional_get.rb:27:in `call'
rack (2.2.9) lib/rack/head.rb:12:in `call'
actionpack (7.2.1) lib/action_dispatch/http/permissions_policy.rb:38:in `call'
actionpack (7.2.1) lib/action_dispatch/http/content_security_policy.rb:36:in `call'
rack (2.2.9) lib/rack/session/abstract/id.rb:266:in `context'
rack (2.2.9) lib/rack/session/abstract/id.rb:260:in `call'
actionpack (7.2.1) lib/action_dispatch/middleware/cookies.rb:704:in `call'
actionpack (7.2.1) lib/action_dispatch/middleware/callbacks.rb:31:in `block in call'
activesupport (7.2.1) lib/active_support/callbacks.rb:101:in `run_callbacks'
actionpack (7.2.1) lib/action_dispatch/middleware/callbacks.rb:30:in `call'
actionpack (7.2.1) lib/action_dispatch/middleware/executor.rb:16:in `call'
actionpack (7.2.1) lib/action_dispatch/middleware/actionable_exceptions.rb:18:in `call'
actionpack (7.2.1) lib/action_dispatch/middleware/debug_exceptions.rb:31:in `call'
actionpack (7.2.1) lib/action_dispatch/middleware/show_exceptions.rb:32:in `call'
railties (7.2.1) lib/rails/rack/logger.rb:41:in `call_app'
railties (7.2.1) lib/rails/rack/logger.rb:29:in `call'
sprockets-rails (3.5.2) lib/sprockets/rails/quiet_assets.rb:17:in `call'
actionpack (7.2.1) lib/action_dispatch/middleware/remote_ip.rb:96:in `call'
actionpack (7.2.1) lib/action_dispatch/middleware/request_id.rb:33:in `call'
rack (2.2.9) lib/rack/method_override.rb:24:in `call'
rack (2.2.9) lib/rack/runtime.rb:22:in `call'
activesupport (7.2.1) lib/active_support/cache/strategy/local_cache_middleware.rb:29:in `call'
actionpack (7.2.1) lib/action_dispatch/middleware/server_timing.rb:61:in `block in call'
actionpack (7.2.1) lib/action_dispatch/middleware/server_timing.rb:26:in `collect_events'
actionpack (7.2.1) lib/action_dispatch/middleware/server_timing.rb:60:in `call'
actionpack (7.2.1) lib/action_dispatch/middleware/executor.rb:16:in `call'
actionpack (7.2.1) lib/action_dispatch/middleware/static.rb:27:in `call'
rack (2.2.9) lib/rack/sendfile.rb:110:in `call'
actionpack (7.2.1) lib/action_dispatch/middleware/host_authorization.rb:143:in `call'
railties (7.2.1) lib/rails/engine.rb:535:in `call'
puma (6.4.3) lib/puma/configuration.rb:272:in `call'
puma (6.4.3) lib/puma/request.rb:100:in `block in handle_request'
puma (6.4.3) lib/puma/thread_pool.rb:378:in `with_force_shutdown'
puma (6.4.3) lib/puma/request.rb:99:in `handle_request'
puma (6.4.3) lib/puma/server.rb:464:in `process_client'
puma (6.4.3) lib/puma/server.rb:245:in `block in run'
puma (6.4.3) lib/puma/thread_pool.rb:155:in `block in spawn_thread'
Started GET "/" for 127.0.0.1 at 2024-10-20 16:05:16 -0700
Processing by PostsController#index as HTML
  Rendering layout layouts/application.html.erb
  Rendering posts/index.html.erb within layouts/application
  Rendered posts/index.html.erb within layouts/application (Duration: 1.6ms | GC: 1.2ms)
  Rendered layout layouts/application.html.erb (Duration: 2.0ms | GC: 1.2ms)
Completed 500 Internal Server Error in 39ms (GC: 6.4ms)


  
ActionView::Template::Error (undefined method `title' for an instance of Post):

Causes:
NoMethodError (undefined method `title' for an instance of Post)
    1: <ul>
    2:   <% @posts.each do |post| %>
    3:     <li>
    4:       <%= link_to post.title, post_path(post) %>
    5:     </li>
    6:   <% end %>
    7: </ul>
  
app/views/posts/index.html.erb:4
app/views/posts/index.html.erb:2:in `each'
app/views/posts/index.html.erb:2
Started GET "/" for 127.0.0.1 at 2024-10-20 16:05:32 -0700
Processing by PostsController#index as HTML
  Rendering layout layouts/application.html.erb
  Rendering posts/index.html.erb within layouts/application
  Rendered posts/index.html.erb within layouts/application (Duration: 0.3ms | GC: 0.0ms)
  Rendered layout layouts/application.html.erb (Duration: 0.5ms | GC: 0.0ms)
Completed 500 Internal Server Error in 33ms (GC: 0.0ms)


  
ActionView::Template::Error (undefined method `post_path' for an instance of #<Class:0x0000000120575f00>):

Causes:
NoMethodError (undefined method `post_path' for an instance of #<Class:0x0000000120575f00>)
    1: <ul>
    2:   <% @posts.each do |post| %>
    3:     <li>
    4:       <%= link_to post.title, post_path(post) %>
    5:     </li>
    6:   <% end %>
    7: </ul>
  
app/views/posts/index.html.erb:4
app/views/posts/index.html.erb:2:in `each'
app/views/posts/index.html.erb:2
Started GET "/" for ::1 at 2024-10-20 16:06:49 -0700
Processing by PostsController#index as HTML
  Rendering layout layouts/application.html.erb
  Rendering posts/index.html.erb within layouts/application
  Rendered posts/index.html.erb within layouts/application (Duration: 0.4ms | GC: 0.0ms)
  Rendered layout layouts/application.html.erb (Duration: 0.6ms | GC: 0.0ms)
Completed 500 Internal Server Error in 36ms (GC: 4.7ms)


  
ActionView::Template::Error (undefined method `post_path' for an instance of #<Class:0x0000000122f10d38>):

Causes:
NoMethodError (undefined method `post_path' for an instance of #<Class:0x0000000122f10d38>)
    1: <ul>
    2:   <% @posts.each do |post| %>
    3:     <li>
    4:       <%= link_to post.title, post_path(post) %>
    5:     </li>
    6:   <% end %>
    7: </ul>
  
app/views/posts/index.html.erb:4
app/views/posts/index.html.erb:2:in `each'
app/views/posts/index.html.erb:2
Started GET "/favicon.ico" for ::1 at 2024-10-20 16:06:49 -0700
  
ActionController::RoutingError (No route matches [GET] "/favicon.ico"):
  
Started GET "/" for ::1 at 2024-10-20 16:06:56 -0700
Processing by PostsController#index as HTML
  Rendering layout layouts/application.html.erb
  Rendering posts/index.html.erb within layouts/application
  Rendered posts/index.html.erb within layouts/application (Duration: 0.4ms | GC: 0.0ms)
  Rendered layout layouts/application.html.erb (Duration: 0.5ms | GC: 0.0ms)
Completed 500 Internal Server Error in 37ms (GC: 6.1ms)


  
ActionView::Template::Error (No route matches {:action=>"show", :controller=>"posts", :title=>nil}, missing required keys: [:title]):

Causes:
ActionController::UrlGenerationError (No route matches {:action=>"show", :controller=>"posts", :title=>nil}, missing required keys: [:title])
    1: <ul>
    2:   <% @posts.each do |post| %>
    3:     <li>
    4:       <%= link_to post.title, post_path(post) %>
    5:     </li>
    6:   <% end %>
    7: </ul>
  
app/views/posts/index.html.erb:4
app/views/posts/index.html.erb:2:in `each'
app/views/posts/index.html.erb:2
Started GET "/" for ::1 at 2024-10-20 16:07:53 -0700
Processing by PostsController#index as HTML
  Rendering layout layouts/application.html.erb
  Rendering posts/index.html.erb within layouts/application
  Rendered posts/index.html.erb within layouts/application (Duration: 0.3ms | GC: 0.0ms)
  Rendered layout layouts/application.html.erb (Duration: 0.5ms | GC: 0.0ms)
Completed 500 Internal Server Error in 41ms (GC: 1.5ms)


  
ActionView::Template::Error (No route matches {:action=>"show", :controller=>"posts", :title=>nil}, missing required keys: [:title]):

Causes:
ActionController::UrlGenerationError (No route matches {:action=>"show", :controller=>"posts", :title=>nil}, missing required keys: [:title])
    1: <ul>
    2:   <% @posts.each do |post| %>
    3:     <li>
    4:       <%= link_to post.title, post_path(post) %>
    5:     </li>
    6:   <% end %>
    7: </ul>
  
app/views/posts/index.html.erb:4
app/views/posts/index.html.erb:2:in `each'
app/views/posts/index.html.erb:2
Started GET "/" for ::1 at 2024-10-20 16:08:34 -0700
Processing by PostsController#index as HTML
  Rendering layout layouts/application.html.erb
  Rendering posts/index.html.erb within layouts/application
  Rendered posts/index.html.erb within layouts/application (Duration: 0.3ms | GC: 0.0ms)
  Rendered layout layouts/application.html.erb (Duration: 0.4ms | GC: 0.0ms)
Completed 500 Internal Server Error in 31ms (GC: 4.9ms)


  
ActionView::Template::Error (undefined method `fetc' for an instance of Hash):

Causes:
NoMethodError (undefined method `fetc' for an instance of Hash)
    1: <ul>
    2:   <% @posts.each do |post| %>
    3:     <li>
    4:       <%= link_to post.title, post_path(post) %>
    5:     </li>
    6:   <% end %>
    7: </ul>
  
app/models/post.rb:22:in `title'
app/views/posts/index.html.erb:4
app/views/posts/index.html.erb:2:in `each'
app/views/posts/index.html.erb:2
Started GET "/" for ::1 at 2024-10-20 16:08:38 -0700
Processing by PostsController#index as HTML
  Rendering layout layouts/application.html.erb
  Rendering posts/index.html.erb within layouts/application
  Rendered posts/index.html.erb within layouts/application (Duration: 0.4ms | GC: 0.0ms)
  Rendered layout layouts/application.html.erb (Duration: 0.5ms | GC: 0.0ms)
Completed 500 Internal Server Error in 36ms (GC: 0.1ms)


  
ActionView::Template::Error (No route matches {:action=>"show", :controller=>"posts", :title=>nil}, missing required keys: [:title]):

Causes:
ActionController::UrlGenerationError (No route matches {:action=>"show", :controller=>"posts", :title=>nil}, missing required keys: [:title])
    1: <ul>
    2:   <% @posts.each do |post| %>
    3:     <li>
    4:       <%= link_to post.title, post_path(post) %>
    5:     </li>
    6:   <% end %>
    7: </ul>
  
app/views/posts/index.html.erb:4
app/views/posts/index.html.erb:2:in `each'
app/views/posts/index.html.erb:2
Started GET "/" for ::1 at 2024-10-20 16:08:53 -0700
Processing by PostsController#index as HTML
  Rendering layout layouts/application.html.erb
  Rendering posts/index.html.erb within layouts/application
  Rendered posts/index.html.erb within layouts/application (Duration: 2.2ms | GC: 1.7ms)
  Rendered layout layouts/application.html.erb (Duration: 2.3ms | GC: 1.7ms)
Completed 500 Internal Server Error in 39ms (GC: 2.6ms)


  
ActionView::Template::Error (No route matches {:action=>"show", :controller=>"posts", :title=>#<Post:0x000000011fff7178 @frontmatter={"layout"=>"post", "title"=>"Clarity and Accuracy", "date"=>"2016-11-28 20:19 UTC", "tags"=>["both", "language"]}, @body="An excerpt from the essay [\"Wrong—Again—About Plain Language\"](https://www.ncsl.org/legislators-staff/legislative-staff/research-editorial-legal-and-committee-staff/lsss-wrong-again-about-plain-language.aspx)\n by Joseph Kimble; written in defense of Plain Language legislation and in response to an attacker:\n\n> Advocates believe that “it is more important to be clear . . . than to be accurate.”\n>\n>> This charge could not be more wrong. I responded to Mr. Stark on this same point 18 years ago.[14] No reputable advocate has ever said that clarity trumps accuracy. Yes, I have said, “Your main goal is to convey your ideas with the greatest possible clarity.”[15] But of course I mean “convey your ideas accurately.” Nobody who knows my work — or the work of any other advocate — could possibly think otherwise. We all take the need for accuracy as blindingly obvious.[16]  But we do think that, with rare exceptions, clarity and accuracy are complementary — not competing — goals. As Reed Dickerson, the father of modern-day legal drafting, wryly put it: “The price of clarity, of course, is that the clearer the document the more obvious its substantive deficiencies.”[17] Or in the words of another expert: “The purposes of legislation are most likely to be expressed and communicated successfully by the drafter who is ardently concerned to write clearly and to be intelligible.”[18] Time after time, we have seen clarity improve accuracy by uncovering the ambiguities and errors that traditional drafting tends to hide. Yet if in some instance, on some point, accuracy and clarity really are at odds, then accuracy wins. It goes without saying — almost.\n">}, possible unmatched constraints: [:title]):

Causes:
ActionController::UrlGenerationError (No route matches {:action=>"show", :controller=>"posts", :title=>#<Post:0x000000011fff7178 @frontmatter={"layout"=>"post", "title"=>"Clarity and Accuracy", "date"=>"2016-11-28 20:19 UTC", "tags"=>["both", "language"]}, @body="An excerpt from the essay [\"Wrong—Again—About Plain Language\"](https://www.ncsl.org/legislators-staff/legislative-staff/research-editorial-legal-and-committee-staff/lsss-wrong-again-about-plain-language.aspx)\n by Joseph Kimble; written in defense of Plain Language legislation and in response to an attacker:\n\n> Advocates believe that “it is more important to be clear . . . than to be accurate.”\n>\n>> This charge could not be more wrong. I responded to Mr. Stark on this same point 18 years ago.[14] No reputable advocate has ever said that clarity trumps accuracy. Yes, I have said, “Your main goal is to convey your ideas with the greatest possible clarity.”[15] But of course I mean “convey your ideas accurately.” Nobody who knows my work — or the work of any other advocate — could possibly think otherwise. We all take the need for accuracy as blindingly obvious.[16]  But we do think that, with rare exceptions, clarity and accuracy are complementary — not competing — goals. As Reed Dickerson, the father of modern-day legal drafting, wryly put it: “The price of clarity, of course, is that the clearer the document the more obvious its substantive deficiencies.”[17] Or in the words of another expert: “The purposes of legislation are most likely to be expressed and communicated successfully by the drafter who is ardently concerned to write clearly and to be intelligible.”[18] Time after time, we have seen clarity improve accuracy by uncovering the ambiguities and errors that traditional drafting tends to hide. Yet if in some instance, on some point, accuracy and clarity really are at odds, then accuracy wins. It goes without saying — almost.\n">}, possible unmatched constraints: [:title])
    1: <ul>
    2:   <% @posts.each do |post| %>
    3:     <li>
    4:       <%= link_to post.title, post_path(title: post) %>
    5:     </li>
    6:   <% end %>
    7: </ul>
  
app/views/posts/index.html.erb:4
app/views/posts/index.html.erb:2:in `each'
app/views/posts/index.html.erb:2
Started GET "/" for ::1 at 2024-10-20 16:08:54 -0700
Processing by PostsController#index as HTML
  Rendering layout layouts/application.html.erb
  Rendering posts/index.html.erb within layouts/application
  Rendered posts/index.html.erb within layouts/application (Duration: 0.6ms | GC: 0.0ms)
  Rendered layout layouts/application.html.erb (Duration: 0.9ms | GC: 0.0ms)
Completed 500 Internal Server Error in 49ms (GC: 2.4ms)


  
ActionView::Template::Error (No route matches {:action=>"show", :controller=>"posts", :title=>#<Post:0x000000012319d7e0 @frontmatter={"layout"=>"post", "title"=>"Clarity and Accuracy", "date"=>"2016-11-28 20:19 UTC", "tags"=>["both", "language"]}, @body="An excerpt from the essay [\"Wrong—Again—About Plain Language\"](https://www.ncsl.org/legislators-staff/legislative-staff/research-editorial-legal-and-committee-staff/lsss-wrong-again-about-plain-language.aspx)\n by Joseph Kimble; written in defense of Plain Language legislation and in response to an attacker:\n\n> Advocates believe that “it is more important to be clear . . . than to be accurate.”\n>\n>> This charge could not be more wrong. I responded to Mr. Stark on this same point 18 years ago.[14] No reputable advocate has ever said that clarity trumps accuracy. Yes, I have said, “Your main goal is to convey your ideas with the greatest possible clarity.”[15] But of course I mean “convey your ideas accurately.” Nobody who knows my work — or the work of any other advocate — could possibly think otherwise. We all take the need for accuracy as blindingly obvious.[16]  But we do think that, with rare exceptions, clarity and accuracy are complementary — not competing — goals. As Reed Dickerson, the father of modern-day legal drafting, wryly put it: “The price of clarity, of course, is that the clearer the document the more obvious its substantive deficiencies.”[17] Or in the words of another expert: “The purposes of legislation are most likely to be expressed and communicated successfully by the drafter who is ardently concerned to write clearly and to be intelligible.”[18] Time after time, we have seen clarity improve accuracy by uncovering the ambiguities and errors that traditional drafting tends to hide. Yet if in some instance, on some point, accuracy and clarity really are at odds, then accuracy wins. It goes without saying — almost.\n">}, possible unmatched constraints: [:title]):

Causes:
ActionController::UrlGenerationError (No route matches {:action=>"show", :controller=>"posts", :title=>#<Post:0x000000012319d7e0 @frontmatter={"layout"=>"post", "title"=>"Clarity and Accuracy", "date"=>"2016-11-28 20:19 UTC", "tags"=>["both", "language"]}, @body="An excerpt from the essay [\"Wrong—Again—About Plain Language\"](https://www.ncsl.org/legislators-staff/legislative-staff/research-editorial-legal-and-committee-staff/lsss-wrong-again-about-plain-language.aspx)\n by Joseph Kimble; written in defense of Plain Language legislation and in response to an attacker:\n\n> Advocates believe that “it is more important to be clear . . . than to be accurate.”\n>\n>> This charge could not be more wrong. I responded to Mr. Stark on this same point 18 years ago.[14] No reputable advocate has ever said that clarity trumps accuracy. Yes, I have said, “Your main goal is to convey your ideas with the greatest possible clarity.”[15] But of course I mean “convey your ideas accurately.” Nobody who knows my work — or the work of any other advocate — could possibly think otherwise. We all take the need for accuracy as blindingly obvious.[16]  But we do think that, with rare exceptions, clarity and accuracy are complementary — not competing — goals. As Reed Dickerson, the father of modern-day legal drafting, wryly put it: “The price of clarity, of course, is that the clearer the document the more obvious its substantive deficiencies.”[17] Or in the words of another expert: “The purposes of legislation are most likely to be expressed and communicated successfully by the drafter who is ardently concerned to write clearly and to be intelligible.”[18] Time after time, we have seen clarity improve accuracy by uncovering the ambiguities and errors that traditional drafting tends to hide. Yet if in some instance, on some point, accuracy and clarity really are at odds, then accuracy wins. It goes without saying — almost.\n">}, possible unmatched constraints: [:title])
    1: <ul>
    2:   <% @posts.each do |post| %>
    3:     <li>
    4:       <%= link_to post.title, post_path(title: post) %>
    5:     </li>
    6:   <% end %>
    7: </ul>
  
app/views/posts/index.html.erb:4
app/views/posts/index.html.erb:2:in `each'
app/views/posts/index.html.erb:2
Started GET "/" for ::1 at 2024-10-20 16:08:58 -0700
Processing by PostsController#index as HTML
  Rendering layout layouts/application.html.erb
  Rendering posts/index.html.erb within layouts/application
  Rendered posts/index.html.erb within layouts/application (Duration: 0.6ms | GC: 0.0ms)
  Rendered layout layouts/application.html.erb (Duration: 0.7ms | GC: 0.0ms)
Completed 500 Internal Server Error in 28ms (GC: 0.5ms)


  
ActionView::Template::Error (No route matches {:action=>"show", :controller=>"posts", :title=>""}, missing required keys: [:title]):

Causes:
ActionController::UrlGenerationError (No route matches {:action=>"show", :controller=>"posts", :title=>""}, missing required keys: [:title])
    1: <ul>
    2:   <% @posts.each do |post| %>
    3:     <li>
    4:       <%= link_to post.title, post_path(post.title) %>
    5:     </li>
    6:   <% end %>
    7: </ul>
  
app/views/posts/index.html.erb:4
app/views/posts/index.html.erb:2:in `each'
app/views/posts/index.html.erb:2
Started GET "/" for ::1 at 2024-10-20 16:08:59 -0700
Processing by PostsController#index as HTML
  Rendering layout layouts/application.html.erb
  Rendering posts/index.html.erb within layouts/application
  Rendered posts/index.html.erb within layouts/application (Duration: 0.8ms | GC: 0.0ms)
  Rendered layout layouts/application.html.erb (Duration: 1.1ms | GC: 0.0ms)
Completed 500 Internal Server Error in 52ms (GC: 3.8ms)


  
ActionView::Template::Error (No route matches {:action=>"show", :controller=>"posts", :title=>""}, missing required keys: [:title]):

Causes:
ActionController::UrlGenerationError (No route matches {:action=>"show", :controller=>"posts", :title=>""}, missing required keys: [:title])
    1: <ul>
    2:   <% @posts.each do |post| %>
    3:     <li>
    4:       <%= link_to post.title, post_path(post.title) %>
    5:     </li>
    6:   <% end %>
    7: </ul>
  
app/views/posts/index.html.erb:4
app/views/posts/index.html.erb:2:in `each'
app/views/posts/index.html.erb:2
Started GET "/" for ::1 at 2024-10-20 16:09:00 -0700
Processing by PostsController#index as HTML
  Rendering layout layouts/application.html.erb
  Rendering posts/index.html.erb within layouts/application
  Rendered posts/index.html.erb within layouts/application (Duration: 0.6ms | GC: 0.0ms)
  Rendered layout layouts/application.html.erb (Duration: 0.8ms | GC: 0.0ms)
Completed 500 Internal Server Error in 54ms (GC: 2.4ms)


  
ActionView::Template::Error (No route matches {:action=>"show", :controller=>"posts", :title=>""}, missing required keys: [:title]):

Causes:
ActionController::UrlGenerationError (No route matches {:action=>"show", :controller=>"posts", :title=>""}, missing required keys: [:title])
    1: <ul>
    2:   <% @posts.each do |post| %>
    3:     <li>
    4:       <%= link_to post.title, post_path(post.title) %>
    5:     </li>
    6:   <% end %>
    7: </ul>
  
app/views/posts/index.html.erb:4
app/views/posts/index.html.erb:2:in `each'
app/views/posts/index.html.erb:2
Started GET "/" for ::1 at 2024-10-20 16:09:06 -0700
Processing by PostsController#index as HTML
  Rendering layout layouts/application.html.erb
  Rendering posts/index.html.erb within layouts/application
  Rendered posts/index.html.erb within layouts/application (Duration: 4.1ms | GC: 0.4ms)
  Rendered layout layouts/application.html.erb (Duration: 12.6ms | GC: 0.6ms)
Completed 500 Internal Server Error in 39ms (GC: 2.0ms)


  
ActionView::Template::Error (link_tree argument must be a directory):

Causes:
Sprockets::ArgumentError (link_tree argument must be a directory)
  
sprockets (4.2.1) lib/sprockets/directive_processor.rb:407:in `expand_relative_dirname'
sprockets (4.2.1) lib/sprockets/directive_processor.rb:359:in `process_link_tree_directive'
sprockets (4.2.1) lib/sprockets/directive_processor.rb:189:in `block in process_directives'
sprockets (4.2.1) lib/sprockets/directive_processor.rb:187:in `each'
sprockets (4.2.1) lib/sprockets/directive_processor.rb:187:in `process_directives'
sprockets (4.2.1) lib/sprockets/directive_processor.rb:84:in `_call'
sprockets (4.2.1) lib/sprockets/directive_processor.rb:65:in `call'
sprockets (4.2.1) lib/sprockets/processor_utils.rb:84:in `call_processor'
sprockets (4.2.1) lib/sprockets/processor_utils.rb:66:in `block in call_processors'
sprockets (4.2.1) lib/sprockets/processor_utils.rb:65:in `reverse_each'
sprockets (4.2.1) lib/sprockets/processor_utils.rb:65:in `call_processors'
sprockets (4.2.1) lib/sprockets/loader.rb:184:in `load_from_unloaded'
sprockets (4.2.1) lib/sprockets/loader.rb:59:in `block in load'
sprockets (4.2.1) lib/sprockets/loader.rb:339:in `fetch_asset_from_dependency_cache'
sprockets (4.2.1) lib/sprockets/loader.rb:43:in `load'
sprockets (4.2.1) lib/sprockets/cached_environment.rb:44:in `block in load'
concurrent-ruby (1.3.4) lib/concurrent-ruby/concurrent/map.rb:207:in `block in fetch_or_store'
concurrent-ruby (1.3.4) lib/concurrent-ruby/concurrent/map.rb:187:in `fetch'
concurrent-ruby (1.3.4) lib/concurrent-ruby/concurrent/map.rb:206:in `fetch_or_store'
sprockets (4.2.1) lib/sprockets/cached_environment.rb:44:in `load'
sprockets (4.2.1) lib/sprockets/bundle.rb:27:in `call'
sprockets (4.2.1) lib/sprockets/processor_utils.rb:84:in `call_processor'
sprockets (4.2.1) lib/sprockets/processor_utils.rb:66:in `block in call_processors'
sprockets (4.2.1) lib/sprockets/processor_utils.rb:65:in `reverse_each'
sprockets (4.2.1) lib/sprockets/processor_utils.rb:65:in `call_processors'
sprockets (4.2.1) lib/sprockets/loader.rb:184:in `load_from_unloaded'
sprockets (4.2.1) lib/sprockets/loader.rb:59:in `block in load'
sprockets (4.2.1) lib/sprockets/loader.rb:339:in `fetch_asset_from_dependency_cache'
sprockets (4.2.1) lib/sprockets/loader.rb:43:in `load'
sprockets (4.2.1) lib/sprockets/cached_environment.rb:44:in `block in load'
concurrent-ruby (1.3.4) lib/concurrent-ruby/concurrent/map.rb:207:in `block in fetch_or_store'
concurrent-ruby (1.3.4) lib/concurrent-ruby/concurrent/map.rb:187:in `fetch'
concurrent-ruby (1.3.4) lib/concurrent-ruby/concurrent/map.rb:206:in `fetch_or_store'
sprockets (4.2.1) lib/sprockets/cached_environment.rb:44:in `load'
sprockets (4.2.1) lib/sprockets/base.rb:81:in `find_asset'
sprockets (4.2.1) lib/sprockets/base.rb:88:in `find_all_linked_assets'
sprockets (4.2.1) lib/sprockets/manifest.rb:125:in `each'
sprockets (4.2.1) lib/sprockets/manifest.rb:125:in `to_a'
sprockets (4.2.1) lib/sprockets/manifest.rb:125:in `block (2 levels) in find'
concurrent-ruby (1.3.4) lib/concurrent-ruby/concurrent/executor/safe_task_executor.rb:24:in `block in execute'
concurrent-ruby (1.3.4) lib/concurrent-ruby/concurrent/synchronization/mutex_lockable_object.rb:48:in `block in synchronize'
concurrent-ruby (1.3.4) lib/concurrent-ruby/concurrent/synchronization/mutex_lockable_object.rb:48:in `synchronize'
concurrent-ruby (1.3.4) lib/concurrent-ruby/concurrent/synchronization/mutex_lockable_object.rb:48:in `synchronize'
concurrent-ruby (1.3.4) lib/concurrent-ruby/concurrent/executor/safe_task_executor.rb:22:in `execute'
concurrent-ruby (1.3.4) lib/concurrent-ruby/concurrent/promise.rb:564:in `block in realize'
concurrent-ruby (1.3.4) lib/concurrent-ruby/concurrent/executor/ruby_thread_pool_executor.rb:359:in `run_task'
concurrent-ruby (1.3.4) lib/concurrent-ruby/concurrent/executor/ruby_thread_pool_executor.rb:350:in `block (3 levels) in create_worker'
<internal:kernel>:187:in `loop'
concurrent-ruby (1.3.4) lib/concurrent-ruby/concurrent/executor/ruby_thread_pool_executor.rb:341:in `block (2 levels) in create_worker'
concurrent-ruby (1.3.4) lib/concurrent-ruby/concurrent/executor/ruby_thread_pool_executor.rb:340:in `catch'
concurrent-ruby (1.3.4) lib/concurrent-ruby/concurrent/executor/ruby_thread_pool_executor.rb:340:in `block in create_worker'
Started GET "/" for ::1 at 2024-10-20 16:09:07 -0700
Processing by PostsController#index as HTML
  Rendering layout layouts/application.html.erb
  Rendering posts/index.html.erb within layouts/application
  Rendered posts/index.html.erb within layouts/application (Duration: 4.4ms | GC: 0.0ms)
  Rendered layout layouts/application.html.erb (Duration: 8.2ms | GC: 1.4ms)
Completed 500 Internal Server Error in 55ms (GC: 2.6ms)


  
ActionView::Template::Error (link_tree argument must be a directory):

Causes:
Sprockets::ArgumentError (link_tree argument must be a directory)
  
sprockets (4.2.1) lib/sprockets/directive_processor.rb:407:in `expand_relative_dirname'
sprockets (4.2.1) lib/sprockets/directive_processor.rb:359:in `process_link_tree_directive'
sprockets (4.2.1) lib/sprockets/directive_processor.rb:189:in `block in process_directives'
sprockets (4.2.1) lib/sprockets/directive_processor.rb:187:in `each'
sprockets (4.2.1) lib/sprockets/directive_processor.rb:187:in `process_directives'
sprockets (4.2.1) lib/sprockets/directive_processor.rb:84:in `_call'
sprockets (4.2.1) lib/sprockets/directive_processor.rb:65:in `call'
sprockets (4.2.1) lib/sprockets/processor_utils.rb:84:in `call_processor'
sprockets (4.2.1) lib/sprockets/processor_utils.rb:66:in `block in call_processors'
sprockets (4.2.1) lib/sprockets/processor_utils.rb:65:in `reverse_each'
sprockets (4.2.1) lib/sprockets/processor_utils.rb:65:in `call_processors'
sprockets (4.2.1) lib/sprockets/loader.rb:184:in `load_from_unloaded'
sprockets (4.2.1) lib/sprockets/loader.rb:59:in `block in load'
sprockets (4.2.1) lib/sprockets/loader.rb:339:in `fetch_asset_from_dependency_cache'
sprockets (4.2.1) lib/sprockets/loader.rb:43:in `load'
sprockets (4.2.1) lib/sprockets/cached_environment.rb:44:in `block in load'
concurrent-ruby (1.3.4) lib/concurrent-ruby/concurrent/map.rb:207:in `block in fetch_or_store'
concurrent-ruby (1.3.4) lib/concurrent-ruby/concurrent/map.rb:187:in `fetch'
concurrent-ruby (1.3.4) lib/concurrent-ruby/concurrent/map.rb:206:in `fetch_or_store'
sprockets (4.2.1) lib/sprockets/cached_environment.rb:44:in `load'
sprockets (4.2.1) lib/sprockets/bundle.rb:27:in `call'
sprockets (4.2.1) lib/sprockets/processor_utils.rb:84:in `call_processor'
sprockets (4.2.1) lib/sprockets/processor_utils.rb:66:in `block in call_processors'
sprockets (4.2.1) lib/sprockets/processor_utils.rb:65:in `reverse_each'
sprockets (4.2.1) lib/sprockets/processor_utils.rb:65:in `call_processors'
sprockets (4.2.1) lib/sprockets/loader.rb:184:in `load_from_unloaded'
sprockets (4.2.1) lib/sprockets/loader.rb:59:in `block in load'
sprockets (4.2.1) lib/sprockets/loader.rb:339:in `fetch_asset_from_dependency_cache'
sprockets (4.2.1) lib/sprockets/loader.rb:43:in `load'
sprockets (4.2.1) lib/sprockets/cached_environment.rb:44:in `block in load'
concurrent-ruby (1.3.4) lib/concurrent-ruby/concurrent/map.rb:207:in `block in fetch_or_store'
concurrent-ruby (1.3.4) lib/concurrent-ruby/concurrent/map.rb:187:in `fetch'
concurrent-ruby (1.3.4) lib/concurrent-ruby/concurrent/map.rb:206:in `fetch_or_store'
sprockets (4.2.1) lib/sprockets/cached_environment.rb:44:in `load'
sprockets (4.2.1) lib/sprockets/base.rb:81:in `find_asset'
sprockets (4.2.1) lib/sprockets/base.rb:88:in `find_all_linked_assets'
sprockets (4.2.1) lib/sprockets/manifest.rb:125:in `each'
sprockets (4.2.1) lib/sprockets/manifest.rb:125:in `to_a'
sprockets (4.2.1) lib/sprockets/manifest.rb:125:in `block (2 levels) in find'
concurrent-ruby (1.3.4) lib/concurrent-ruby/concurrent/executor/safe_task_executor.rb:24:in `block in execute'
concurrent-ruby (1.3.4) lib/concurrent-ruby/concurrent/synchronization/mutex_lockable_object.rb:48:in `block in synchronize'
concurrent-ruby (1.3.4) lib/concurrent-ruby/concurrent/synchronization/mutex_lockable_object.rb:48:in `synchronize'
concurrent-ruby (1.3.4) lib/concurrent-ruby/concurrent/synchronization/mutex_lockable_object.rb:48:in `synchronize'
concurrent-ruby (1.3.4) lib/concurrent-ruby/concurrent/executor/safe_task_executor.rb:22:in `execute'
concurrent-ruby (1.3.4) lib/concurrent-ruby/concurrent/promise.rb:564:in `block in realize'
concurrent-ruby (1.3.4) lib/concurrent-ruby/concurrent/executor/ruby_thread_pool_executor.rb:359:in `run_task'
concurrent-ruby (1.3.4) lib/concurrent-ruby/concurrent/executor/ruby_thread_pool_executor.rb:350:in `block (3 levels) in create_worker'
<internal:kernel>:187:in `loop'
concurrent-ruby (1.3.4) lib/concurrent-ruby/concurrent/executor/ruby_thread_pool_executor.rb:341:in `block (2 levels) in create_worker'
concurrent-ruby (1.3.4) lib/concurrent-ruby/concurrent/executor/ruby_thread_pool_executor.rb:340:in `catch'
concurrent-ruby (1.3.4) lib/concurrent-ruby/concurrent/executor/ruby_thread_pool_executor.rb:340:in `block in create_worker'
Started GET "/" for ::1 at 2024-10-20 16:09:32 -0700
Processing by PostsController#index as HTML
  Rendering layout layouts/application.html.erb
  Rendering posts/index.html.erb within layouts/application
  Rendered posts/index.html.erb within layouts/application (Duration: 0.4ms | GC: 0.1ms)
  Rendered layout layouts/application.html.erb (Duration: 2.6ms | GC: 0.1ms)
Completed 500 Internal Server Error in 34ms (GC: 2.1ms)


  
ActionView::Template::Error (link_tree argument must be a directory):

Causes:
Sprockets::ArgumentError (link_tree argument must be a directory)
  
sprockets (4.2.1) lib/sprockets/directive_processor.rb:407:in `expand_relative_dirname'
sprockets (4.2.1) lib/sprockets/directive_processor.rb:359:in `process_link_tree_directive'
sprockets (4.2.1) lib/sprockets/directive_processor.rb:189:in `block in process_directives'
sprockets (4.2.1) lib/sprockets/directive_processor.rb:187:in `each'
sprockets (4.2.1) lib/sprockets/directive_processor.rb:187:in `process_directives'
sprockets (4.2.1) lib/sprockets/directive_processor.rb:84:in `_call'
sprockets (4.2.1) lib/sprockets/directive_processor.rb:65:in `call'
sprockets (4.2.1) lib/sprockets/processor_utils.rb:84:in `call_processor'
sprockets (4.2.1) lib/sprockets/processor_utils.rb:66:in `block in call_processors'
sprockets (4.2.1) lib/sprockets/processor_utils.rb:65:in `reverse_each'
sprockets (4.2.1) lib/sprockets/processor_utils.rb:65:in `call_processors'
sprockets (4.2.1) lib/sprockets/loader.rb:184:in `load_from_unloaded'
sprockets (4.2.1) lib/sprockets/loader.rb:59:in `block in load'
sprockets (4.2.1) lib/sprockets/loader.rb:339:in `fetch_asset_from_dependency_cache'
sprockets (4.2.1) lib/sprockets/loader.rb:43:in `load'
sprockets (4.2.1) lib/sprockets/cached_environment.rb:44:in `block in load'
concurrent-ruby (1.3.4) lib/concurrent-ruby/concurrent/map.rb:207:in `block in fetch_or_store'
concurrent-ruby (1.3.4) lib/concurrent-ruby/concurrent/map.rb:187:in `fetch'
concurrent-ruby (1.3.4) lib/concurrent-ruby/concurrent/map.rb:206:in `fetch_or_store'
sprockets (4.2.1) lib/sprockets/cached_environment.rb:44:in `load'
sprockets (4.2.1) lib/sprockets/bundle.rb:27:in `call'
sprockets (4.2.1) lib/sprockets/processor_utils.rb:84:in `call_processor'
sprockets (4.2.1) lib/sprockets/processor_utils.rb:66:in `block in call_processors'
sprockets (4.2.1) lib/sprockets/processor_utils.rb:65:in `reverse_each'
sprockets (4.2.1) lib/sprockets/processor_utils.rb:65:in `call_processors'
sprockets (4.2.1) lib/sprockets/loader.rb:184:in `load_from_unloaded'
sprockets (4.2.1) lib/sprockets/loader.rb:59:in `block in load'
sprockets (4.2.1) lib/sprockets/loader.rb:339:in `fetch_asset_from_dependency_cache'
sprockets (4.2.1) lib/sprockets/loader.rb:43:in `load'
sprockets (4.2.1) lib/sprockets/cached_environment.rb:44:in `block in load'
concurrent-ruby (1.3.4) lib/concurrent-ruby/concurrent/map.rb:207:in `block in fetch_or_store'
concurrent-ruby (1.3.4) lib/concurrent-ruby/concurrent/map.rb:187:in `fetch'
concurrent-ruby (1.3.4) lib/concurrent-ruby/concurrent/map.rb:206:in `fetch_or_store'
sprockets (4.2.1) lib/sprockets/cached_environment.rb:44:in `load'
sprockets (4.2.1) lib/sprockets/base.rb:81:in `find_asset'
sprockets (4.2.1) lib/sprockets/base.rb:88:in `find_all_linked_assets'
sprockets (4.2.1) lib/sprockets/manifest.rb:125:in `each'
sprockets (4.2.1) lib/sprockets/manifest.rb:125:in `to_a'
sprockets (4.2.1) lib/sprockets/manifest.rb:125:in `block (2 levels) in find'
concurrent-ruby (1.3.4) lib/concurrent-ruby/concurrent/executor/safe_task_executor.rb:24:in `block in execute'
concurrent-ruby (1.3.4) lib/concurrent-ruby/concurrent/synchronization/mutex_lockable_object.rb:48:in `block in synchronize'
concurrent-ruby (1.3.4) lib/concurrent-ruby/concurrent/synchronization/mutex_lockable_object.rb:48:in `synchronize'
concurrent-ruby (1.3.4) lib/concurrent-ruby/concurrent/synchronization/mutex_lockable_object.rb:48:in `synchronize'
concurrent-ruby (1.3.4) lib/concurrent-ruby/concurrent/executor/safe_task_executor.rb:22:in `execute'
concurrent-ruby (1.3.4) lib/concurrent-ruby/concurrent/promise.rb:564:in `block in realize'
concurrent-ruby (1.3.4) lib/concurrent-ruby/concurrent/executor/ruby_thread_pool_executor.rb:359:in `run_task'
concurrent-ruby (1.3.4) lib/concurrent-ruby/concurrent/executor/ruby_thread_pool_executor.rb:350:in `block (3 levels) in create_worker'
<internal:kernel>:187:in `loop'
concurrent-ruby (1.3.4) lib/concurrent-ruby/concurrent/executor/ruby_thread_pool_executor.rb:341:in `block (2 levels) in create_worker'
concurrent-ruby (1.3.4) lib/concurrent-ruby/concurrent/executor/ruby_thread_pool_executor.rb:340:in `catch'
concurrent-ruby (1.3.4) lib/concurrent-ruby/concurrent/executor/ruby_thread_pool_executor.rb:340:in `block in create_worker'
Started GET "/" for ::1 at 2024-10-20 16:09:35 -0700
Processing by PostsController#index as HTML
  Rendering layout layouts/application.html.erb
  Rendering posts/index.html.erb within layouts/application
  Rendered posts/index.html.erb within layouts/application (Duration: 0.2ms | GC: 0.0ms)
  Rendered layout layouts/application.html.erb (Duration: 4.6ms | GC: 0.4ms)
Completed 500 Internal Server Error in 57ms (GC: 4.0ms)


  
ActionView::Template::Error (link_tree argument must be a directory):

Causes:
Sprockets::ArgumentError (link_tree argument must be a directory)
  
sprockets (4.2.1) lib/sprockets/directive_processor.rb:407:in `expand_relative_dirname'
sprockets (4.2.1) lib/sprockets/directive_processor.rb:359:in `process_link_tree_directive'
sprockets (4.2.1) lib/sprockets/directive_processor.rb:189:in `block in process_directives'
sprockets (4.2.1) lib/sprockets/directive_processor.rb:187:in `each'
sprockets (4.2.1) lib/sprockets/directive_processor.rb:187:in `process_directives'
sprockets (4.2.1) lib/sprockets/directive_processor.rb:84:in `_call'
sprockets (4.2.1) lib/sprockets/directive_processor.rb:65:in `call'
sprockets (4.2.1) lib/sprockets/processor_utils.rb:84:in `call_processor'
sprockets (4.2.1) lib/sprockets/processor_utils.rb:66:in `block in call_processors'
sprockets (4.2.1) lib/sprockets/processor_utils.rb:65:in `reverse_each'
sprockets (4.2.1) lib/sprockets/processor_utils.rb:65:in `call_processors'
sprockets (4.2.1) lib/sprockets/loader.rb:184:in `load_from_unloaded'
sprockets (4.2.1) lib/sprockets/loader.rb:59:in `block in load'
sprockets (4.2.1) lib/sprockets/loader.rb:339:in `fetch_asset_from_dependency_cache'
sprockets (4.2.1) lib/sprockets/loader.rb:43:in `load'
sprockets (4.2.1) lib/sprockets/cached_environment.rb:44:in `block in load'
concurrent-ruby (1.3.4) lib/concurrent-ruby/concurrent/map.rb:207:in `block in fetch_or_store'
concurrent-ruby (1.3.4) lib/concurrent-ruby/concurrent/map.rb:187:in `fetch'
concurrent-ruby (1.3.4) lib/concurrent-ruby/concurrent/map.rb:206:in `fetch_or_store'
sprockets (4.2.1) lib/sprockets/cached_environment.rb:44:in `load'
sprockets (4.2.1) lib/sprockets/bundle.rb:27:in `call'
sprockets (4.2.1) lib/sprockets/processor_utils.rb:84:in `call_processor'
sprockets (4.2.1) lib/sprockets/processor_utils.rb:66:in `block in call_processors'
sprockets (4.2.1) lib/sprockets/processor_utils.rb:65:in `reverse_each'
sprockets (4.2.1) lib/sprockets/processor_utils.rb:65:in `call_processors'
sprockets (4.2.1) lib/sprockets/loader.rb:184:in `load_from_unloaded'
sprockets (4.2.1) lib/sprockets/loader.rb:59:in `block in load'
sprockets (4.2.1) lib/sprockets/loader.rb:339:in `fetch_asset_from_dependency_cache'
sprockets (4.2.1) lib/sprockets/loader.rb:43:in `load'
sprockets (4.2.1) lib/sprockets/cached_environment.rb:44:in `block in load'
concurrent-ruby (1.3.4) lib/concurrent-ruby/concurrent/map.rb:207:in `block in fetch_or_store'
concurrent-ruby (1.3.4) lib/concurrent-ruby/concurrent/map.rb:187:in `fetch'
concurrent-ruby (1.3.4) lib/concurrent-ruby/concurrent/map.rb:206:in `fetch_or_store'
sprockets (4.2.1) lib/sprockets/cached_environment.rb:44:in `load'
sprockets (4.2.1) lib/sprockets/base.rb:81:in `find_asset'
sprockets (4.2.1) lib/sprockets/base.rb:88:in `find_all_linked_assets'
sprockets (4.2.1) lib/sprockets/manifest.rb:125:in `each'
sprockets (4.2.1) lib/sprockets/manifest.rb:125:in `to_a'
sprockets (4.2.1) lib/sprockets/manifest.rb:125:in `block (2 levels) in find'
concurrent-ruby (1.3.4) lib/concurrent-ruby/concurrent/executor/safe_task_executor.rb:24:in `block in execute'
concurrent-ruby (1.3.4) lib/concurrent-ruby/concurrent/synchronization/mutex_lockable_object.rb:48:in `block in synchronize'
concurrent-ruby (1.3.4) lib/concurrent-ruby/concurrent/synchronization/mutex_lockable_object.rb:48:in `synchronize'
concurrent-ruby (1.3.4) lib/concurrent-ruby/concurrent/synchronization/mutex_lockable_object.rb:48:in `synchronize'
concurrent-ruby (1.3.4) lib/concurrent-ruby/concurrent/executor/safe_task_executor.rb:22:in `execute'
concurrent-ruby (1.3.4) lib/concurrent-ruby/concurrent/promise.rb:564:in `block in realize'
concurrent-ruby (1.3.4) lib/concurrent-ruby/concurrent/executor/ruby_thread_pool_executor.rb:359:in `run_task'
concurrent-ruby (1.3.4) lib/concurrent-ruby/concurrent/executor/ruby_thread_pool_executor.rb:350:in `block (3 levels) in create_worker'
<internal:kernel>:187:in `loop'
concurrent-ruby (1.3.4) lib/concurrent-ruby/concurrent/executor/ruby_thread_pool_executor.rb:341:in `block (2 levels) in create_worker'
concurrent-ruby (1.3.4) lib/concurrent-ruby/concurrent/executor/ruby_thread_pool_executor.rb:340:in `catch'
concurrent-ruby (1.3.4) lib/concurrent-ruby/concurrent/executor/ruby_thread_pool_executor.rb:340:in `block in create_worker'
Started GET "/" for ::1 at 2024-10-20 16:09:35 -0700
Processing by PostsController#index as HTML
  Rendering layout layouts/application.html.erb
  Rendering posts/index.html.erb within layouts/application
  Rendered posts/index.html.erb within layouts/application (Duration: 0.2ms | GC: 0.0ms)
  Rendered layout layouts/application.html.erb (Duration: 2.5ms | GC: 0.0ms)
Completed 500 Internal Server Error in 43ms (GC: 2.3ms)


  
ActionView::Template::Error (link_tree argument must be a directory):

Causes:
Sprockets::ArgumentError (link_tree argument must be a directory)
  
sprockets (4.2.1) lib/sprockets/directive_processor.rb:407:in `expand_relative_dirname'
sprockets (4.2.1) lib/sprockets/directive_processor.rb:359:in `process_link_tree_directive'
sprockets (4.2.1) lib/sprockets/directive_processor.rb:189:in `block in process_directives'
sprockets (4.2.1) lib/sprockets/directive_processor.rb:187:in `each'
sprockets (4.2.1) lib/sprockets/directive_processor.rb:187:in `process_directives'
sprockets (4.2.1) lib/sprockets/directive_processor.rb:84:in `_call'
sprockets (4.2.1) lib/sprockets/directive_processor.rb:65:in `call'
sprockets (4.2.1) lib/sprockets/processor_utils.rb:84:in `call_processor'
sprockets (4.2.1) lib/sprockets/processor_utils.rb:66:in `block in call_processors'
sprockets (4.2.1) lib/sprockets/processor_utils.rb:65:in `reverse_each'
sprockets (4.2.1) lib/sprockets/processor_utils.rb:65:in `call_processors'
sprockets (4.2.1) lib/sprockets/loader.rb:184:in `load_from_unloaded'
sprockets (4.2.1) lib/sprockets/loader.rb:59:in `block in load'
sprockets (4.2.1) lib/sprockets/loader.rb:339:in `fetch_asset_from_dependency_cache'
sprockets (4.2.1) lib/sprockets/loader.rb:43:in `load'
sprockets (4.2.1) lib/sprockets/cached_environment.rb:44:in `block in load'
concurrent-ruby (1.3.4) lib/concurrent-ruby/concurrent/map.rb:207:in `block in fetch_or_store'
concurrent-ruby (1.3.4) lib/concurrent-ruby/concurrent/map.rb:187:in `fetch'
concurrent-ruby (1.3.4) lib/concurrent-ruby/concurrent/map.rb:206:in `fetch_or_store'
sprockets (4.2.1) lib/sprockets/cached_environment.rb:44:in `load'
sprockets (4.2.1) lib/sprockets/bundle.rb:27:in `call'
sprockets (4.2.1) lib/sprockets/processor_utils.rb:84:in `call_processor'
sprockets (4.2.1) lib/sprockets/processor_utils.rb:66:in `block in call_processors'
sprockets (4.2.1) lib/sprockets/processor_utils.rb:65:in `reverse_each'
sprockets (4.2.1) lib/sprockets/processor_utils.rb:65:in `call_processors'
sprockets (4.2.1) lib/sprockets/loader.rb:184:in `load_from_unloaded'
sprockets (4.2.1) lib/sprockets/loader.rb:59:in `block in load'
sprockets (4.2.1) lib/sprockets/loader.rb:339:in `fetch_asset_from_dependency_cache'
sprockets (4.2.1) lib/sprockets/loader.rb:43:in `load'
sprockets (4.2.1) lib/sprockets/cached_environment.rb:44:in `block in load'
concurrent-ruby (1.3.4) lib/concurrent-ruby/concurrent/map.rb:207:in `block in fetch_or_store'
concurrent-ruby (1.3.4) lib/concurrent-ruby/concurrent/map.rb:187:in `fetch'
concurrent-ruby (1.3.4) lib/concurrent-ruby/concurrent/map.rb:206:in `fetch_or_store'
sprockets (4.2.1) lib/sprockets/cached_environment.rb:44:in `load'
sprockets (4.2.1) lib/sprockets/base.rb:81:in `find_asset'
sprockets (4.2.1) lib/sprockets/base.rb:88:in `find_all_linked_assets'
sprockets (4.2.1) lib/sprockets/manifest.rb:125:in `each'
sprockets (4.2.1) lib/sprockets/manifest.rb:125:in `to_a'
sprockets (4.2.1) lib/sprockets/manifest.rb:125:in `block (2 levels) in find'
concurrent-ruby (1.3.4) lib/concurrent-ruby/concurrent/executor/safe_task_executor.rb:24:in `block in execute'
concurrent-ruby (1.3.4) lib/concurrent-ruby/concurrent/synchronization/mutex_lockable_object.rb:48:in `block in synchronize'
concurrent-ruby (1.3.4) lib/concurrent-ruby/concurrent/synchronization/mutex_lockable_object.rb:48:in `synchronize'
concurrent-ruby (1.3.4) lib/concurrent-ruby/concurrent/synchronization/mutex_lockable_object.rb:48:in `synchronize'
concurrent-ruby (1.3.4) lib/concurrent-ruby/concurrent/executor/safe_task_executor.rb:22:in `execute'
concurrent-ruby (1.3.4) lib/concurrent-ruby/concurrent/promise.rb:564:in `block in realize'
concurrent-ruby (1.3.4) lib/concurrent-ruby/concurrent/executor/ruby_thread_pool_executor.rb:359:in `run_task'
concurrent-ruby (1.3.4) lib/concurrent-ruby/concurrent/executor/ruby_thread_pool_executor.rb:350:in `block (3 levels) in create_worker'
<internal:kernel>:187:in `loop'
concurrent-ruby (1.3.4) lib/concurrent-ruby/concurrent/executor/ruby_thread_pool_executor.rb:341:in `block (2 levels) in create_worker'
concurrent-ruby (1.3.4) lib/concurrent-ruby/concurrent/executor/ruby_thread_pool_executor.rb:340:in `catch'
concurrent-ruby (1.3.4) lib/concurrent-ruby/concurrent/executor/ruby_thread_pool_executor.rb:340:in `block in create_worker'
Started GET "/" for ::1 at 2024-10-20 16:09:36 -0700
Processing by PostsController#index as HTML
  Rendering layout layouts/application.html.erb
  Rendering posts/index.html.erb within layouts/application
  Rendered posts/index.html.erb within layouts/application (Duration: 0.2ms | GC: 0.0ms)
  Rendered layout layouts/application.html.erb (Duration: 2.3ms | GC: 0.0ms)
Completed 500 Internal Server Error in 39ms (GC: 1.1ms)


  
ActionView::Template::Error (link_tree argument must be a directory):

Causes:
Sprockets::ArgumentError (link_tree argument must be a directory)
  
sprockets (4.2.1) lib/sprockets/directive_processor.rb:407:in `expand_relative_dirname'
sprockets (4.2.1) lib/sprockets/directive_processor.rb:359:in `process_link_tree_directive'
sprockets (4.2.1) lib/sprockets/directive_processor.rb:189:in `block in process_directives'
sprockets (4.2.1) lib/sprockets/directive_processor.rb:187:in `each'
sprockets (4.2.1) lib/sprockets/directive_processor.rb:187:in `process_directives'
sprockets (4.2.1) lib/sprockets/directive_processor.rb:84:in `_call'
sprockets (4.2.1) lib/sprockets/directive_processor.rb:65:in `call'
sprockets (4.2.1) lib/sprockets/processor_utils.rb:84:in `call_processor'
sprockets (4.2.1) lib/sprockets/processor_utils.rb:66:in `block in call_processors'
sprockets (4.2.1) lib/sprockets/processor_utils.rb:65:in `reverse_each'
sprockets (4.2.1) lib/sprockets/processor_utils.rb:65:in `call_processors'
sprockets (4.2.1) lib/sprockets/loader.rb:184:in `load_from_unloaded'
sprockets (4.2.1) lib/sprockets/loader.rb:59:in `block in load'
sprockets (4.2.1) lib/sprockets/loader.rb:339:in `fetch_asset_from_dependency_cache'
sprockets (4.2.1) lib/sprockets/loader.rb:43:in `load'
sprockets (4.2.1) lib/sprockets/cached_environment.rb:44:in `block in load'
concurrent-ruby (1.3.4) lib/concurrent-ruby/concurrent/map.rb:207:in `block in fetch_or_store'
concurrent-ruby (1.3.4) lib/concurrent-ruby/concurrent/map.rb:187:in `fetch'
concurrent-ruby (1.3.4) lib/concurrent-ruby/concurrent/map.rb:206:in `fetch_or_store'
sprockets (4.2.1) lib/sprockets/cached_environment.rb:44:in `load'
sprockets (4.2.1) lib/sprockets/bundle.rb:27:in `call'
sprockets (4.2.1) lib/sprockets/processor_utils.rb:84:in `call_processor'
sprockets (4.2.1) lib/sprockets/processor_utils.rb:66:in `block in call_processors'
sprockets (4.2.1) lib/sprockets/processor_utils.rb:65:in `reverse_each'
sprockets (4.2.1) lib/sprockets/processor_utils.rb:65:in `call_processors'
sprockets (4.2.1) lib/sprockets/loader.rb:184:in `load_from_unloaded'
sprockets (4.2.1) lib/sprockets/loader.rb:59:in `block in load'
sprockets (4.2.1) lib/sprockets/loader.rb:339:in `fetch_asset_from_dependency_cache'
sprockets (4.2.1) lib/sprockets/loader.rb:43:in `load'
sprockets (4.2.1) lib/sprockets/cached_environment.rb:44:in `block in load'
concurrent-ruby (1.3.4) lib/concurrent-ruby/concurrent/map.rb:207:in `block in fetch_or_store'
concurrent-ruby (1.3.4) lib/concurrent-ruby/concurrent/map.rb:187:in `fetch'
concurrent-ruby (1.3.4) lib/concurrent-ruby/concurrent/map.rb:206:in `fetch_or_store'
sprockets (4.2.1) lib/sprockets/cached_environment.rb:44:in `load'
sprockets (4.2.1) lib/sprockets/base.rb:81:in `find_asset'
sprockets (4.2.1) lib/sprockets/base.rb:88:in `find_all_linked_assets'
sprockets (4.2.1) lib/sprockets/manifest.rb:125:in `each'
sprockets (4.2.1) lib/sprockets/manifest.rb:125:in `to_a'
sprockets (4.2.1) lib/sprockets/manifest.rb:125:in `block (2 levels) in find'
concurrent-ruby (1.3.4) lib/concurrent-ruby/concurrent/executor/safe_task_executor.rb:24:in `block in execute'
concurrent-ruby (1.3.4) lib/concurrent-ruby/concurrent/synchronization/mutex_lockable_object.rb:48:in `block in synchronize'
concurrent-ruby (1.3.4) lib/concurrent-ruby/concurrent/synchronization/mutex_lockable_object.rb:48:in `synchronize'
concurrent-ruby (1.3.4) lib/concurrent-ruby/concurrent/synchronization/mutex_lockable_object.rb:48:in `synchronize'
concurrent-ruby (1.3.4) lib/concurrent-ruby/concurrent/executor/safe_task_executor.rb:22:in `execute'
concurrent-ruby (1.3.4) lib/concurrent-ruby/concurrent/promise.rb:564:in `block in realize'
concurrent-ruby (1.3.4) lib/concurrent-ruby/concurrent/executor/ruby_thread_pool_executor.rb:359:in `run_task'
concurrent-ruby (1.3.4) lib/concurrent-ruby/concurrent/executor/ruby_thread_pool_executor.rb:350:in `block (3 levels) in create_worker'
<internal:kernel>:187:in `loop'
concurrent-ruby (1.3.4) lib/concurrent-ruby/concurrent/executor/ruby_thread_pool_executor.rb:341:in `block (2 levels) in create_worker'
concurrent-ruby (1.3.4) lib/concurrent-ruby/concurrent/executor/ruby_thread_pool_executor.rb:340:in `catch'
concurrent-ruby (1.3.4) lib/concurrent-ruby/concurrent/executor/ruby_thread_pool_executor.rb:340:in `block in create_worker'
Started GET "/" for ::1 at 2024-10-20 16:09:36 -0700
Processing by PostsController#index as HTML
  Rendering layout layouts/application.html.erb
  Rendering posts/index.html.erb within layouts/application
  Rendered posts/index.html.erb within layouts/application (Duration: 0.2ms | GC: 0.0ms)
  Rendered layout layouts/application.html.erb (Duration: 8.9ms | GC: 6.0ms)
Completed 500 Internal Server Error in 51ms (GC: 8.4ms)


  
ActionView::Template::Error (link_tree argument must be a directory):

Causes:
Sprockets::ArgumentError (link_tree argument must be a directory)
  
sprockets (4.2.1) lib/sprockets/directive_processor.rb:407:in `expand_relative_dirname'
sprockets (4.2.1) lib/sprockets/directive_processor.rb:359:in `process_link_tree_directive'
sprockets (4.2.1) lib/sprockets/directive_processor.rb:189:in `block in process_directives'
sprockets (4.2.1) lib/sprockets/directive_processor.rb:187:in `each'
sprockets (4.2.1) lib/sprockets/directive_processor.rb:187:in `process_directives'
sprockets (4.2.1) lib/sprockets/directive_processor.rb:84:in `_call'
sprockets (4.2.1) lib/sprockets/directive_processor.rb:65:in `call'
sprockets (4.2.1) lib/sprockets/processor_utils.rb:84:in `call_processor'
sprockets (4.2.1) lib/sprockets/processor_utils.rb:66:in `block in call_processors'
sprockets (4.2.1) lib/sprockets/processor_utils.rb:65:in `reverse_each'
sprockets (4.2.1) lib/sprockets/processor_utils.rb:65:in `call_processors'
sprockets (4.2.1) lib/sprockets/loader.rb:184:in `load_from_unloaded'
sprockets (4.2.1) lib/sprockets/loader.rb:59:in `block in load'
sprockets (4.2.1) lib/sprockets/loader.rb:339:in `fetch_asset_from_dependency_cache'
sprockets (4.2.1) lib/sprockets/loader.rb:43:in `load'
sprockets (4.2.1) lib/sprockets/cached_environment.rb:44:in `block in load'
concurrent-ruby (1.3.4) lib/concurrent-ruby/concurrent/map.rb:207:in `block in fetch_or_store'
concurrent-ruby (1.3.4) lib/concurrent-ruby/concurrent/map.rb:187:in `fetch'
concurrent-ruby (1.3.4) lib/concurrent-ruby/concurrent/map.rb:206:in `fetch_or_store'
sprockets (4.2.1) lib/sprockets/cached_environment.rb:44:in `load'
sprockets (4.2.1) lib/sprockets/bundle.rb:27:in `call'
sprockets (4.2.1) lib/sprockets/processor_utils.rb:84:in `call_processor'
sprockets (4.2.1) lib/sprockets/processor_utils.rb:66:in `block in call_processors'
sprockets (4.2.1) lib/sprockets/processor_utils.rb:65:in `reverse_each'
sprockets (4.2.1) lib/sprockets/processor_utils.rb:65:in `call_processors'
sprockets (4.2.1) lib/sprockets/loader.rb:184:in `load_from_unloaded'
sprockets (4.2.1) lib/sprockets/loader.rb:59:in `block in load'
sprockets (4.2.1) lib/sprockets/loader.rb:339:in `fetch_asset_from_dependency_cache'
sprockets (4.2.1) lib/sprockets/loader.rb:43:in `load'
sprockets (4.2.1) lib/sprockets/cached_environment.rb:44:in `block in load'
concurrent-ruby (1.3.4) lib/concurrent-ruby/concurrent/map.rb:207:in `block in fetch_or_store'
concurrent-ruby (1.3.4) lib/concurrent-ruby/concurrent/map.rb:187:in `fetch'
concurrent-ruby (1.3.4) lib/concurrent-ruby/concurrent/map.rb:206:in `fetch_or_store'
sprockets (4.2.1) lib/sprockets/cached_environment.rb:44:in `load'
sprockets (4.2.1) lib/sprockets/base.rb:81:in `find_asset'
sprockets (4.2.1) lib/sprockets/base.rb:88:in `find_all_linked_assets'
sprockets (4.2.1) lib/sprockets/manifest.rb:125:in `each'
sprockets (4.2.1) lib/sprockets/manifest.rb:125:in `to_a'
sprockets (4.2.1) lib/sprockets/manifest.rb:125:in `block (2 levels) in find'
concurrent-ruby (1.3.4) lib/concurrent-ruby/concurrent/executor/safe_task_executor.rb:24:in `block in execute'
concurrent-ruby (1.3.4) lib/concurrent-ruby/concurrent/synchronization/mutex_lockable_object.rb:48:in `block in synchronize'
concurrent-ruby (1.3.4) lib/concurrent-ruby/concurrent/synchronization/mutex_lockable_object.rb:48:in `synchronize'
concurrent-ruby (1.3.4) lib/concurrent-ruby/concurrent/synchronization/mutex_lockable_object.rb:48:in `synchronize'
concurrent-ruby (1.3.4) lib/concurrent-ruby/concurrent/executor/safe_task_executor.rb:22:in `execute'
concurrent-ruby (1.3.4) lib/concurrent-ruby/concurrent/promise.rb:564:in `block in realize'
concurrent-ruby (1.3.4) lib/concurrent-ruby/concurrent/executor/ruby_thread_pool_executor.rb:359:in `run_task'
concurrent-ruby (1.3.4) lib/concurrent-ruby/concurrent/executor/ruby_thread_pool_executor.rb:350:in `block (3 levels) in create_worker'
<internal:kernel>:187:in `loop'
concurrent-ruby (1.3.4) lib/concurrent-ruby/concurrent/executor/ruby_thread_pool_executor.rb:341:in `block (2 levels) in create_worker'
concurrent-ruby (1.3.4) lib/concurrent-ruby/concurrent/executor/ruby_thread_pool_executor.rb:340:in `catch'
concurrent-ruby (1.3.4) lib/concurrent-ruby/concurrent/executor/ruby_thread_pool_executor.rb:340:in `block in create_worker'
Started GET "/" for ::1 at 2024-10-20 16:10:09 -0700
Processing by PostsController#index as HTML
  Rendering layout layouts/application.html.erb
  Rendering posts/index.html.erb within layouts/application
  Rendered posts/index.html.erb within layouts/application (Duration: 0.2ms | GC: 0.0ms)
  Rendered layout layouts/application.html.erb (Duration: 7.8ms | GC: 0.8ms)
Completed 500 Internal Server Error in 48ms (GC: 1.2ms)


  
ActionView::Template::Error (undefined local variable or method `javascript_importmap_tags' for an instance of #<Class:0x0000000122972b38>):

Causes:
NameError (undefined local variable or method `javascript_importmap_tags' for an instance of #<Class:0x0000000122972b38>)
    14:     <link rel="icon" href="/icon.svg" type="image/svg+xml">
    15:     <link rel="apple-touch-icon" href="/icon.png">
    16:     <%= stylesheet_link_tag "application", "data-turbo-track": "reload" %>
    17:     <%= javascript_importmap_tags %>
    18:   </head>
    19: 
    20:   <body>
  
app/views/layouts/application.html.erb:17
Started GET "/" for ::1 at 2024-10-20 16:10:11 -0700
Processing by PostsController#index as HTML
  Rendering layout layouts/application.html.erb
  Rendering posts/index.html.erb within layouts/application
  Rendered posts/index.html.erb within layouts/application (Duration: 0.1ms | GC: 0.0ms)
  Rendered layout layouts/application.html.erb (Duration: 1.4ms | GC: 0.1ms)
Completed 500 Internal Server Error in 40ms (GC: 2.8ms)


  
ActionView::Template::Error (undefined local variable or method `javascript_importmap_tags' for an instance of #<Class:0x0000000122972b38>):

Causes:
NameError (undefined local variable or method `javascript_importmap_tags' for an instance of #<Class:0x0000000122972b38>)
    14:     <link rel="icon" href="/icon.svg" type="image/svg+xml">
    15:     <link rel="apple-touch-icon" href="/icon.png">
    16:     <%= stylesheet_link_tag "application", "data-turbo-track": "reload" %>
    17:     <%= javascript_importmap_tags %>
    18:   </head>
    19: 
    20:   <body>
  
app/views/layouts/application.html.erb:17
Started GET "/" for ::1 at 2024-10-20 16:10:24 -0700
Processing by PostsController#index as HTML
  Rendering layout layouts/application.html.erb
  Rendering posts/index.html.erb within layouts/application
  Rendered posts/index.html.erb within layouts/application (Duration: 0.3ms | GC: 0.0ms)
  Rendered layout layouts/application.html.erb (Duration: 1.9ms | GC: 0.2ms)
Completed 200 OK in 33ms (Views: 2.6ms | GC: 2.0ms)


Started GET "/manifest.json" for ::1 at 2024-10-20 16:10:24 -0700
  
ActionController::RoutingError (No route matches [GET] "/manifest.json"):
  
Started GET "/" for ::1 at 2024-10-20 16:13:27 -0700
Processing by PostsController#index as HTML
  Rendering layout layouts/application.html.erb
  Rendering posts/index.html.erb within layouts/application
  Rendered posts/index.html.erb within layouts/application (Duration: 0.2ms | GC: 0.0ms)
  Rendered layout layouts/application.html.erb (Duration: 10.3ms | GC: 0.4ms)
Completed 200 OK in 25ms (Views: 11.9ms | GC: 1.2ms)


Started GET "/manifest.json" for ::1 at 2024-10-20 16:13:27 -0700
  
ActionController::RoutingError (No route matches [GET] "/manifest.json"):
  
Started GET "/" for ::1 at 2024-10-20 16:13:29 -0700
Processing by PostsController#index as HTML
  Rendering layout layouts/application.html.erb
  Rendering posts/index.html.erb within layouts/application
  Rendered posts/index.html.erb within layouts/application (Duration: 0.1ms | GC: 0.0ms)
  Rendered layout layouts/application.html.erb (Duration: 4.0ms | GC: 0.7ms)
Completed 200 OK in 10ms (Views: 4.6ms | GC: 0.7ms)


Started GET "/manifest.json" for ::1 at 2024-10-20 16:13:29 -0700
  
ActionController::RoutingError (No route matches [GET] "/manifest.json"):
  
Started GET "/" for ::1 at 2024-10-20 16:13:41 -0700
Processing by PostsController#index as HTML
  Rendering layout layouts/application.html.erb
  Rendering posts/index.html.erb within layouts/application
  Rendered posts/index.html.erb within layouts/application (Duration: 0.2ms | GC: 0.0ms)
  Rendered layout layouts/application.html.erb (Duration: 2.0ms | GC: 0.0ms)
Completed 200 OK in 6ms (Views: 2.7ms | GC: 0.0ms)


Started GET "/manifest.json" for ::1 at 2024-10-20 16:13:41 -0700
  
ActionController::RoutingError (No route matches [GET] "/manifest.json"):
  
Started GET "/" for ::1 at 2024-10-20 16:14:20 -0700
Processing by PostsController#index as HTML
Completed 500 Internal Server Error in 4ms (GC: 0.4ms)


  
NameError (uninitialized constant FrontMatterParser::SyntaxParser::Markdown):
  
app/models/post.rb:12:in `from_file'
app/models/post.rb:7:in `block in all'
app/models/post.rb:6:in `map'
app/models/post.rb:6:in `all'
app/controllers/posts_controller.rb:3:in `index'
Started GET "/" for ::1 at 2024-10-20 16:14:34 -0700
Processing by PostsController#index as HTML
Completed 500 Internal Server Error in 6ms (GC: 0.0ms)


  
NameError (uninitialized constant FrontMatterParser::SyntaxParser::Markdown):
  
app/models/post.rb:13:in `from_file'
app/models/post.rb:7:in `block in all'
app/models/post.rb:6:in `map'
app/models/post.rb:6:in `all'
app/controllers/posts_controller.rb:3:in `index'
Started GET "/" for ::1 at 2024-10-20 16:18:24 -0700
Processing by PostsController#index as HTML
  Rendering layout layouts/application.html.erb
  Rendering posts/index.html.erb within layouts/application
  Rendered posts/index.html.erb within layouts/application (Duration: 0.6ms | GC: 0.0ms)
  Rendered layout layouts/application.html.erb (Duration: 1.9ms | GC: 0.0ms)
Completed 200 OK in 180ms (Views: 2.5ms | GC: 48.1ms)


Started GET "/manifest.json" for ::1 at 2024-10-20 16:18:24 -0700
  
ActionController::RoutingError (No route matches [GET] "/manifest.json"):
  
Started GET "/" for ::1 at 2024-10-20 16:19:32 -0700
Processing by PostsController#index as HTML
  Rendering layout layouts/application.html.erb
  Rendering posts/index.html.erb within layouts/application
  Rendered posts/index.html.erb within layouts/application (Duration: 5.3ms | GC: 0.2ms)
  Rendered layout layouts/application.html.erb (Duration: 6.6ms | GC: 0.2ms)
Completed 200 OK in 123ms (Views: 7.2ms | GC: 6.5ms)


Started GET "/manifest.json" for ::1 at 2024-10-20 16:19:32 -0700
  
ActionController::RoutingError (No route matches [GET] "/manifest.json"):
  
Started GET "/" for ::1 at 2024-10-20 16:19:43 -0700
Processing by PostsController#index as HTML
  Rendering layout layouts/application.html.erb
  Rendering posts/index.html.erb within layouts/application
  Rendered posts/index.html.erb within layouts/application (Duration: 6.8ms | GC: 1.1ms)
  Rendered layout layouts/application.html.erb (Duration: 8.3ms | GC: 1.1ms)
Completed 200 OK in 127ms (Views: 9.0ms | GC: 8.0ms)


Started GET "/manifest.json" for ::1 at 2024-10-20 16:19:43 -0700
  
ActionController::RoutingError (No route matches [GET] "/manifest.json"):
  
Started GET "/" for ::1 at 2024-10-20 16:22:59 -0700
Processing by PostsController#index as HTML
  Rendering layout layouts/application.html.erb
  Rendering posts/index.html.erb within layouts/application
  Rendered posts/index.html.erb within layouts/application (Duration: 0.3ms | GC: 0.0ms)
  Rendered layout layouts/application.html.erb (Duration: 0.4ms | GC: 0.0ms)
Completed 500 Internal Server Error in 122ms (GC: 6.9ms)


  
ActionView::Template::Error (undefined method `date' for an instance of Post):

Causes:
NoMethodError (undefined method `date' for an instance of Post)
    1: <ul>
    2:   <% @posts.each do |post| %>
    3:     <li><%= post.title %> - <%= post.date %></li>
    4:   <% end %>
    5: </ul>
  
app/views/posts/index.html.erb:3
app/views/posts/index.html.erb:2:in `each'
app/views/posts/index.html.erb:2
Started GET "/" for ::1 at 2024-10-20 16:23:18 -0700
Processing by PostsController#index as HTML
  Rendering layout layouts/application.html.erb
  Rendering posts/index.html.erb within layouts/application
  Rendered posts/index.html.erb within layouts/application (Duration: 6.8ms | GC: 1.0ms)
  Rendered layout layouts/application.html.erb (Duration: 8.3ms | GC: 1.0ms)
Completed 200 OK in 120ms (Views: 9.0ms | GC: 8.5ms)


Started GET "/manifest.json" for ::1 at 2024-10-20 16:23:18 -0700
  
ActionController::RoutingError (No route matches [GET] "/manifest.json"):
  
